starting log
Fri Dec 23 23:53:57 2022 [INFO]: parameter k = 7
Fri Dec 23 23:53:57 2022 [INFO]: ==== multiple encode ====
Fri Dec 23 23:53:57 2022 [DEBUG]: (0, 0): sample=198 | code=146      | num_bits_used=  9
Fri Dec 23 23:53:57 2022 [DEBUG]: bin = 00000000 00000000 00000001 01000110,
Fri Dec 23 23:53:57 2022 [DEBUG]: (0, 1): sample= 94 | code=5e       | num_bits_used=  8
Fri Dec 23 23:53:57 2022 [DEBUG]: bin = 00000000 00000000 00000000 01011110,
Fri Dec 23 23:53:57 2022 [DEBUG]: (0, 2): sample=254 | code=17e      | num_bits_used=  9
Fri Dec 23 23:53:57 2022 [DEBUG]: bin = 00000000 00000000 00000001 01111110,
Fri Dec 23 23:53:57 2022 [DEBUG]: (0, 3): sample=215 | code=157      | num_bits_used=  9
Fri Dec 23 23:53:57 2022 [DEBUG]: bin = 00000000 00000000 00000001 01010111,
Fri Dec 23 23:53:57 2022 [DEBUG]: (0, 4): sample= 71 | code=47       | num_bits_used=  8
Fri Dec 23 23:53:57 2022 [DEBUG]: bin = 00000000 00000000 00000000 01000111,
Fri Dec 23 23:53:57 2022 [INFO]: ==== multiple decode ====
Fri Dec 23 23:53:57 2022 [INFO]: ==== opening file using bitfile: output/encoded.bin ===
Fri Dec 23 23:53:57 2022 [DEBUG]: decoded[ 0] = 198
Fri Dec 23 23:53:57 2022 [DEBUG]: decoded[ 1] =  94
Fri Dec 23 23:53:57 2022 [DEBUG]: decoded[ 2] = 254
Fri Dec 23 23:53:57 2022 [DEBUG]: decoded[ 3] = 215
Fri Dec 23 23:53:57 2022 [DEBUG]: decoded[ 4] =  71
